# JRE version: OpenJDK Runtime Environment (17.0.7) (build 17.0.7+0-b2043.56-10550314)
# Java VM: OpenJDK 64-Bit Server VM (17.0.7+0-b2043.56-10550314, mixed mode, tiered, compressed oops, compressed class ptrs, g1 gc, windows-amd64)
GC Precious Log:
 CPUs: 4 total, 4 available
 Memory: 12160M
 Large Page Support: Disabled
 NUMA Support: Disabled
 Compressed Oops: Enabled (Zero based)
 Heap Region Size: 2M
 Heap Min Capacity: 8M
 Heap Initial Capacity: 192M
 Heap Max Capacity: 3042M
 Pre-touch: Disabled
 Parallel Workers: 4
 Concurrent Workers: 1
 Concurrent Refinement Workers: 4
 Periodic GC: Disabled
Heap:
 garbage-first heap   total 180224K, used 127407K [0x0000000741e00000, 0x0000000800000000)
  region size 2048K, 40 young (81920K), 5 survivors (10240K)
 Metaspace       used 73093K, committed 73280K, reserved 1114112K
  class space    used 7935K, committed 8000K, reserved 1048576K
GC Heap History (20 events):
Event: 1.799 GC heap before
{Heap before GC invocations=6 (full 0):
 garbage-first heap   total 40960K, used 24864K [0x0000000741e00000, 0x0000000800000000)
  region size 2048K, 7 young (14336K), 1 survivors (2048K)
 Metaspace       used 28430K, committed 28608K, reserved 1114112K
  class space    used 3619K, committed 3712K, reserved 1048576K
}
Event: 1.803 GC heap after
{Heap after GC invocations=7 (full 0):
 garbage-first heap   total 118784K, used 13621K [0x0000000741e00000, 0x0000000800000000)
  region size 2048K, 1 young (2048K), 1 survivors (2048K)
 Metaspace       used 28430K, committed 28608K, reserved 1114112K
  class space    used 3619K, committed 3712K, reserved 1048576K
}
Event: 2.471 GC heap before
{Heap before GC invocations=7 (full 0):
 garbage-first heap   total 118784K, used 48437K [0x0000000741e00000, 0x0000000800000000)
  region size 2048K, 19 young (38912K), 1 survivors (2048K)
 Metaspace       used 35931K, committed 36096K, reserved 1114112K
  class space    used 4360K, committed 4480K, reserved 1048576K
}
Event: 2.482 GC heap after
{Heap after GC invocations=8 (full 0):
 garbage-first heap   total 118784K, used 16935K [0x0000000741e00000, 0x0000000800000000)
  region size 2048K, 3 young (6144K), 3 survivors (6144K)
 Metaspace       used 35931K, committed 36096K, reserved 1114112K
  class space    used 4360K, committed 4480K, reserved 1048576K
}
Event: 3.468 GC heap before
{Heap before GC invocations=9 (full 0):
 garbage-first heap   total 69632K, used 53799K [0x0000000741e00000, 0x0000000800000000)
  region size 2048K, 21 young (43008K), 3 survivors (6144K)
 Metaspace       used 41644K, committed 41856K, reserved 1114112K
  class space    used 5038K, committed 5120K, reserved 1048576K
}
Event: 3.487 GC heap after
{Heap after GC invocations=10 (full 0):
 garbage-first heap   total 69632K, used 24052K [0x0000000741e00000, 0x0000000800000000)
  region size 2048K, 4 young (8192K), 4 survivors (8192K)
 Metaspace       used 41644K, committed 41856K, reserved 1114112K
  class space    used 5038K, committed 5120K, reserved 1048576K
}
Event: 3.492 GC heap before
{Heap before GC invocations=10 (full 0):
 garbage-first heap   total 69632K, used 26100K [0x0000000741e00000, 0x0000000800000000)
  region size 2048K, 5 young (10240K), 4 survivors (8192K)
 Metaspace       used 41646K, committed 41856K, reserved 1114112K
  class space    used 5038K, committed 5120K, reserved 1048576K
}
Event: 3.508 GC heap after
{Heap after GC invocations=11 (full 0):
 garbage-first heap   total 69632K, used 25155K [0x0000000741e00000, 0x0000000800000000)
  region size 2048K, 1 young (2048K), 1 survivors (2048K)
 Metaspace       used 41646K, committed 41856K, reserved 1114112K
  class space    used 5038K, committed 5120K, reserved 1048576K
}
Event: 3.765 GC heap before
{Heap before GC invocations=11 (full 0):
 garbage-first heap   total 69632K, used 47683K [0x0000000741e00000, 0x0000000800000000)
  region size 2048K, 12 young (24576K), 1 survivors (2048K)
 Metaspace       used 42934K, committed 43136K, reserved 1114112K
  class space    used 5187K, committed 5312K, reserved 1048576K
}
Event: 3.775 GC heap after
{Heap after GC invocations=12 (full 0):
 garbage-first heap   total 69632K, used 28574K [0x0000000741e00000, 0x0000000800000000)
  region size 2048K, 2 young (4096K), 2 survivors (4096K)
 Metaspace       used 42934K, committed 43136K, reserved 1114112K
  class space    used 5187K, committed 5312K, reserved 1048576K
}
Event: 4.717 GC heap before
{Heap before GC invocations=12 (full 0):
 garbage-first heap   total 69632K, used 49054K [0x0000000741e00000, 0x0000000800000000)
  region size 2048K, 12 young (24576K), 2 survivors (4096K)
 Metaspace       used 44981K, committed 45184K, reserved 1114112K
  class space    used 5324K, committed 5440K, reserved 1048576K
}
Event: 4.735 GC heap after
{Heap after GC invocations=13 (full 0):
 garbage-first heap   total 180224K, used 32524K [0x0000000741e00000, 0x0000000800000000)
  region size 2048K, 2 young (4096K), 2 survivors (4096K)
 Metaspace       used 44981K, committed 45184K, reserved 1114112K
  class space    used 5324K, committed 5440K, reserved 1048576K
}
Event: 5.972 GC heap before
{Heap before GC invocations=13 (full 0):
 garbage-first heap   total 180224K, used 116492K [0x0000000741e00000, 0x0000000800000000)
  region size 2048K, 43 young (88064K), 2 survivors (4096K)
 Metaspace       used 47689K, committed 47872K, reserved 1114112K
  class space    used 5591K, committed 5696K, reserved 1048576K
}
Event: 5.991 GC heap after
{Heap after GC invocations=14 (full 0):
 garbage-first heap   total 180224K, used 40105K [0x0000000741e00000, 0x0000000800000000)
  region size 2048K, 6 young (12288K), 6 survivors (12288K)
 Metaspace       used 47689K, committed 47872K, reserved 1114112K
  class space    used 5591K, committed 5696K, reserved 1048576K
}
Event: 9.234 GC heap before
{Heap before GC invocations=14 (full 0):
 garbage-first heap   total 180224K, used 119977K [0x0000000741e00000, 0x0000000800000000)
  region size 2048K, 45 young (92160K), 6 survivors (12288K)
 Metaspace       used 58269K, committed 58496K, reserved 1114112K
  class space    used 6576K, committed 6656K, reserved 1048576K
}
Event: 9.258 GC heap after
{Heap after GC invocations=15 (full 0):
 garbage-first heap   total 180224K, used 49254K [0x0000000741e00000, 0x0000000800000000)
  region size 2048K, 5 young (10240K), 5 survivors (10240K)
 Metaspace       used 58269K, committed 58496K, reserved 1114112K
  class space    used 6576K, committed 6656K, reserved 1048576K
}
Event: 10.554 GC heap before
{Heap before GC invocations=15 (full 0):
 garbage-first heap   total 180224K, used 79974K [0x0000000741e00000, 0x0000000800000000)
  region size 2048K, 21 young (43008K), 5 survivors (10240K)
 Metaspace       used 60554K, committed 60736K, reserved 1114112K
  class space    used 6789K, committed 6848K, reserved 1048576K
}
Event: 10.570 GC heap after
{Heap after GC invocations=16 (full 0):
 garbage-first heap   total 180224K, used 55012K [0x0000000741e00000, 0x0000000800000000)
  region size 2048K, 3 young (6144K), 3 survivors (6144K)
 Metaspace       used 60554K, committed 60736K, reserved 1114112K
  class space    used 6789K, committed 6848K, reserved 1048576K
}
Event: 12.366 GC heap before
{Heap before GC invocations=17 (full 0):
 garbage-first heap   total 180224K, used 126692K [0x0000000741e00000, 0x0000000800000000)
  region size 2048K, 39 young (79872K), 3 survivors (6144K)
 Metaspace       used 68877K, committed 69056K, reserved 1114112K
  class space    used 7594K, committed 7680K, reserved 1048576K
}
Event: 12.379 GC heap after
{Heap after GC invocations=18 (full 0):
 garbage-first heap   total 180224K, used 57775K [0x0000000741e00000, 0x0000000800000000)
  region size 2048K, 5 young (10240K), 5 survivors (10240K)
 Metaspace       used 68877K, committed 69056K, reserved 1114112K
  class space    used 7594K, committed 7680K, reserved 1048576K
}

